#-----------------------------------------------------------
# Vivado v2018.2 (64-bit)
# SW Build 2258646 on Thu Jun 14 20:03:12 MDT 2018
# IP Build 2256618 on Thu Jun 14 22:10:49 MDT 2018
# Start of session at: Fri Feb 20 23:15:50 2026
# Process ID: 6968
# Current directory: C:/Users/USER/OneDrive/Documents/ARM
# Command line: vivado.exe -gui_launcher_event rodinguilauncherevent1212 C:\Users\USER\OneDrive\Documents\ARM\cnn_accel_vivado.xpr
# Log file: C:/Users/USER/OneDrive/Documents/ARM/vivado.log
# Journal file: C:/Users/USER/OneDrive/Documents/ARM\vivado.jou
#-----------------------------------------------------------
sstart_guiopopen_project C:/Users/USER/OneDrive/Documents/ARM/cnn_accel_vivado.xpr
INFO: [Project 1-313] Project file moved from '/home/senthoor/arm_2_layer/ags/cnn_accel_vivado' since last save.
CRITICAL WARNING: [Project 1-311] Could not find the file 'C:/Users/USER/OneDrive/Documents/ARM/cnn_accel_vivado.srcs/sources_1/bd/design_1/design_1.bd', nor could it be found using path 'C:/home/senthoor/arm_2_layer/ags/cnn_accel_vivado/cnn_accel_vivado.srcs/sources_1/bd/design_1/design_1.bd'.
CRITICAL WARNING: [Project 1-19] Could not find the file '$PGENDIR/sources_1/bd/design_1/hdl/design_1_wrapper.v'.
ERROR: [Project 1-208] No val for DA Elab Attr
ERROR: [Project 1-208] No val for DA Elab Attr
ERROR: [Project 1-208] No val for DA Elab Attr
ERROR: [Project 1-208] No val for DA Elab Attr
Scanning sources...
Finished scanning sources
CRITICAL WARNING: [Project 1-192] Failed to load run synth_1. Strategy Vivado Synthesis Defaults (Vivado Synthesis 2024) not recognized by Vivado. 

CRITICAL WARNING: [Project 1-192] Failed to load run design_1_cnn_accel_0_0_synth_1. Strategy Vivado Synthesis Defaults (Vivado Synthesis 2024) not recognized by Vivado. 

CRITICAL WARNING: [Project 1-192] Failed to load run design_1_axi_smc_0_synth_1. Strategy Vivado Synthesis Defaults (Vivado Synthesis 2024) not recognized by Vivado. 

CRITICAL WARNING: [Project 1-192] Failed to load run design_1_zynq_ultra_ps_e_0_0_synth_1. Strategy Vivado Synthesis Defaults (Vivado Synthesis 2024) not recognized by Vivado. 

CRITICAL WARNING: [Project 1-192] Failed to load run design_1_axi_smc_1_4_synth_1. Strategy Vivado Synthesis Defaults (Vivado Synthesis 2024) not recognized by Vivado. 

CRITICAL WARNING: [Project 1-192] Failed to load run design_1_rst_ps8_0_96M_0_synth_1. Strategy Vivado Synthesis Defaults (Vivado Synthesis 2024) not recognized by Vivado. 

CRITICAL WARNING: [Project 1-192] Failed to load run design_1_axi_dwidth_converter_0_0_synth_1. Strategy Vivado Synthesis Defaults (Vivado Synthesis 2024) not recognized by Vivado. 

CRITICAL WARNING: [Project 1-192] Failed to load run impl_1. Strategy Vivado Implementation Defaults (Vivado Implementation 2024) not recognized by Vivado. 

CRITICAL WARNING: [Project 1-192] Failed to load run design_1_cnn_accel_0_0_impl_1. Strategy Vivado Implementation Defaults (Vivado Implementation 2024) not recognized by Vivado. 

CRITICAL WARNING: [Project 1-192] Failed to load run design_1_axi_smc_0_impl_1. Strategy Vivado Implementation Defaults (Vivado Implementation 2024) not recognized by Vivado. 

CRITICAL WARNING: [Project 1-192] Failed to load run design_1_zynq_ultra_ps_e_0_0_impl_1. Strategy Vivado Implementation Defaults (Vivado Implementation 2024) not recognized by Vivado. 

CRITICAL WARNING: [Project 1-192] Failed to load run design_1_axi_smc_1_4_impl_1. Strategy Vivado Implementation Defaults (Vivado Implementation 2024) not recognized by Vivado. 

CRITICAL WARNING: [Project 1-192] Failed to load run design_1_rst_ps8_0_96M_0_impl_1. Strategy Vivado Implementation Defaults (Vivado Implementation 2024) not recognized by Vivado. 

CRITICAL WARNING: [Project 1-192] Failed to load run design_1_axi_dwidth_converter_0_0_impl_1. Strategy Vivado Implementation Defaults (Vivado Implementation 2024) not recognized by Vivado. 

CRITICAL WARNING: [Project 1-532] XML ERROR: Project Option SimulatorInstallDirModelSim has no valid value
CRITICAL WARNING: [Project 1-532] XML ERROR: Project Option SimulatorInstallDirQuesta has no valid value
CRITICAL WARNING: [Project 1-532] XML ERROR: Project Option SimulatorInstallDirXcelium has no valid value
CRITICAL WARNING: [Project 1-532] XML ERROR: Project Option SimulatorInstallDirVCS has no valid value
CRITICAL WARNING: [Project 1-532] XML ERROR: Project Option SimulatorInstallDirRiviera has no valid value
CRITICAL WARNING: [Project 1-532] XML ERROR: Project Option SimulatorInstallDirActiveHdl has no valid value
CRITICAL WARNING: [Project 1-532] XML ERROR: Project Option SimulatorGccInstallDirModelSim has no valid value
CRITICAL WARNING: [Project 1-532] XML ERROR: Project Option SimulatorGccInstallDirQuesta has no valid value
CRITICAL WARNING: [Project 1-532] XML ERROR: Project Option SimulatorGccInstallDirXcelium has no valid value
CRITICAL WARNING: [Project 1-532] XML ERROR: Project Option SimulatorGccInstallDirVCS has no valid value
CRITICAL WARNING: [Project 1-532] XML ERROR: Project Option SimulatorGccInstallDirRiviera has no valid value
CRITICAL WARNING: [Project 1-532] XML ERROR: Project Option SimulatorGccInstallDirActiveHdl has no valid value
CRITICAL WARNING: [Project 1-505] Unrecognized Option Name SimulatorVersionXsim
CRITICAL WARNING: [Project 1-505] Unrecognized Option Name SimulatorVersionModelSim
CRITICAL WARNING: [Project 1-505] Unrecognized Option Name SimulatorVersionQuesta
CRITICAL WARNING: [Project 1-505] Unrecognized Option Name SimulatorVersionXcelium
CRITICAL WARNING: [Project 1-505] Unrecognized Option Name SimulatorVersionVCS
CRITICAL WARNING: [Project 1-505] Unrecognized Option Name SimulatorVersionRiviera
CRITICAL WARNING: [Project 1-505] Unrecognized Option Name SimulatorVersionActiveHdl
CRITICAL WARNING: [Project 1-505] Unrecognized Option Name SimulatorGccVersionXsim
CRITICAL WARNING: [Project 1-505] Unrecognized Option Name SimulatorGccVersionModelSim
CRITICAL WARNING: [Project 1-505] Unrecognized Option Name SimulatorGccVersionQuesta
CRITICAL WARNING: [Project 1-505] Unrecognized Option Name SimulatorGccVersionXcelium
CRITICAL WARNING: [Project 1-505] Unrecognized Option Name SimulatorGccVersionVCS
CRITICAL WARNING: [Project 1-505] Unrecognized Option Name SimulatorGccVersionRiviera
CRITICAL WARNING: [Project 1-505] Unrecognized Option Name SimulatorGccVersionActiveHdl
WARNING: [filemgmt 56-2] IP Repository Path: Could not find the directory 'C:/Users/USER/OneDrive/Documents/vivado_ip', nor could it be found using path 'C:/home/senthoor/arm_2_layer/ags/vivado_ip'.
WARNING: [filemgmt 56-2] IP Repository Path: Could not find the directory 'C:/Users/USER/OneDrive/vivado_ip', nor could it be found using path 'C:/home/senthoor/arm_2_layer/vivado_ip'.
CRITICAL WARNING: [Project 1-505] Unrecognized Option Name IPDefaultOutputPath
CRITICAL WARNING: [Project 1-505] Unrecognized Option Name EnableResourceEstimation
CRITICAL WARNING: [Project 1-505] Unrecognized Option Name SimCompileState
WARNING: [filemgmt 56-2] IPUserFilesDir: Could not find the directory 'C:/Users/USER/OneDrive/Documents/ARM/cnn_accel_vivado.ip_user_files', nor could it be found using path 'C:/home/senthoor/arm_2_layer/ags/cnn_accel_vivado/cnn_accel_vivado.ip_user_files'.
CRITICAL WARNING: [Project 1-505] Unrecognized Option Name DcpsUptoDate
CRITICAL WARNING: [Project 1-505] Unrecognized Option Name UseInlineHdlIP
CRITICAL WARNING: [Project 1-505] Unrecognized Option Name LocalIPRepoLeafDirName
WARNING: [BD 41-1663] The design 'design_1.bd' cannot be modified due to following reason(s):
* Project is read-only. Please run 'save_project_as' before making any change to the bd-design. 

WARNING: [Project 1-533] File 'C:/Users/USER/OneDrive/Documents/ARM/cnn_accel_vivado.srcs/sources_1/bd/design_1/ip/design_1_axi_dwidth_converter_0_0/design_1_axi_dwidth_converter_0_0.xci' could not be found in the subdesign 'C:/Users/USER/OneDrive/Documents/ARM/cnn_accel_vivado.srcs/sources_1/bd/design_1/design_1.bd', but fileset 'design_1_axi_dwidth_converter_0_0' still exists. The fileset and corresponding run(s) will be deleted the next time top-level synthesis is run.
WARNING: [Project 1-533] File 'C:/Users/USER/OneDrive/Documents/ARM/cnn_accel_vivado.srcs/sources_1/bd/design_1/ip/design_1_axi_smc_0/design_1_axi_smc_0.xci' could not be found in the subdesign 'C:/Users/USER/OneDrive/Documents/ARM/cnn_accel_vivado.srcs/sources_1/bd/design_1/design_1.bd', but fileset 'design_1_axi_smc_0' still exists. The fileset and corresponding run(s) will be deleted the next time top-level synthesis is run.
WARNING: [Project 1-533] File 'C:/Users/USER/OneDrive/Documents/ARM/cnn_accel_vivado.srcs/sources_1/bd/design_1/ip/design_1_axi_smc_1_4/design_1_axi_smc_1_4.xci' could not be found in the subdesign 'C:/Users/USER/OneDrive/Documents/ARM/cnn_accel_vivado.srcs/sources_1/bd/design_1/design_1.bd', but fileset 'design_1_axi_smc_1_4' still exists. The fileset and corresponding run(s) will be deleted the next time top-level synthesis is run.
WARNING: [Project 1-533] File 'C:/Users/USER/OneDrive/Documents/ARM/cnn_accel_vivado.srcs/sources_1/bd/design_1/ip/design_1_cnn_accel_0_0/design_1_cnn_accel_0_0.xci' could not be found in the subdesign 'C:/Users/USER/OneDrive/Documents/ARM/cnn_accel_vivado.srcs/sources_1/bd/design_1/design_1.bd', but fileset 'design_1_cnn_accel_0_0' still exists. The fileset and corresponding run(s) will be deleted the next time top-level synthesis is run.
WARNING: [Project 1-533] File 'C:/Users/USER/OneDrive/Documents/ARM/cnn_accel_vivado.srcs/sources_1/bd/design_1/ip/design_1_rst_ps8_0_96M_0/design_1_rst_ps8_0_96M_0.xci' could not be found in the subdesign 'C:/Users/USER/OneDrive/Documents/ARM/cnn_accel_vivado.srcs/sources_1/bd/design_1/design_1.bd', but fileset 'design_1_rst_ps8_0_96M_0' still exists. The fileset and corresponding run(s) will be deleted the next time top-level synthesis is run.
WARNING: [Project 1-533] File 'C:/Users/USER/OneDrive/Documents/ARM/cnn_accel_vivado.srcs/sources_1/bd/design_1/ip/design_1_zynq_ultra_ps_e_0_0/design_1_zynq_ultra_ps_e_0_0.xci' could not be found in the subdesign 'C:/Users/USER/OneDrive/Documents/ARM/cnn_accel_vivado.srcs/sources_1/bd/design_1/design_1.bd', but fileset 'design_1_zynq_ultra_ps_e_0_0' still exists. The fileset and corresponding run(s) will be deleted the next time top-level synthesis is run.
WARNING: [Project 1-231] Project 'cnn_accel_vivado.xpr' was created with a future version and may or may not perform reliably with this version of Vivado. It has been opened in read-only mode for the protection of unrecognized data. Use 'File | Save Project As...' if you wish to alter a copy of the project.
INFO: [IP_Flow 19-234] Refreshing IP repositories
WARNING: [IP_Flow 19-2248] Failed to load user IP repository 'c:/Users/USER/OneDrive/Documents/vivado_ip'; Can't find the specified path.
If this directory should no longer be in your list of user repositories, go to the IP Settings dialog and remove it.
WARNING: [IP_Flow 19-2248] Failed to load user IP repository 'c:/Users/USER/OneDrive/vivado_ip'; Can't find the specified path.
If this directory should no longer be in your list of user repositories, go to the IP Settings dialog and remove it.
INFO: [IP_Flow 19-2313] Loaded Vivado IP repository 'C:/Xilinx/Vivado/2018.2/data/ip'.
open_project: Time (s): cpu = 00:00:19 ; elapsed = 00:00:11 . Memory (MB): peak = 828.836 ; gain = 111.547
ERROR: [Common 17-39] 'open_project' failed due to earlier errors.
update_compile_order -fileset sources_opexit
INFO: [Common 17-206] Exiting Vivado at Fri Feb 20 23:20:04 2026...
sources_1/bd/design_1/design_1.bd}
ERROR: [BD 41-1296] Cannot read BD file <C:/Users/USER/OneDrive/Documents/ARM/cnn_accel_vivado.srcs/sources_1/bd/design_1/design_1.bd>, check for the correct location of the file.
ERROR: [Common 17-39] 'open_bd_design' failed due to earlier errors.
exit
INFO: [Common 17-206] Exiting Vivado at Fri Feb 20 23:19:58 2026...
